[12-Jul-2017 22:16:44 UTC] PHP Fatal error:  Call to undefined function issset() in /home/ubuntu/workspace/entry/dugout_entry.php on line 4
[12-Jul-2017 22:16:44 UTC] PHP Stack trace:
[12-Jul-2017 22:16:44 UTC] PHP   1. {main}() /home/ubuntu/workspace/entry/dugout_entry.php:0
[16-Jul-2017 07:52:37 UTC] PHP Warning:  mysqli_connect(): (HY000/1045): Access denied for user 'root'@'localhost' (using password: YES) in /home/ubuntu/workspace/only_for_test/dbconnect.php on line 2
[16-Jul-2017 07:52:37 UTC] PHP Stack trace:
[16-Jul-2017 07:52:37 UTC] PHP   1. {main}() /home/ubuntu/workspace/only_for_test/dbconnect.php:0
[16-Jul-2017 07:52:37 UTC] PHP   2. mysqli_connect() /home/ubuntu/workspace/only_for_test/dbconnect.php:2
[16-Jul-2017 07:52:49 UTC] PHP Warning:  mysqli_connect(): (HY000/1049): Unknown database 'Loginpage' in /home/ubuntu/workspace/only_for_test/dbconnect.php on line 2
[16-Jul-2017 07:52:49 UTC] PHP Stack trace:
[16-Jul-2017 07:52:49 UTC] PHP   1. {main}() /home/ubuntu/workspace/only_for_test/dbconnect.php:0
[16-Jul-2017 07:52:49 UTC] PHP   2. mysqli_connect() /home/ubuntu/workspace/only_for_test/dbconnect.php:2
[16-Jul-2017 07:52:51 UTC] PHP Warning:  mysqli_connect(): (HY000/1049): Unknown database 'Loginpage' in /home/ubuntu/workspace/only_for_test/dbconnect.php on line 2
[16-Jul-2017 07:52:51 UTC] PHP Stack trace:
[16-Jul-2017 07:52:51 UTC] PHP   1. {main}() /home/ubuntu/workspace/only_for_test/dbconnect.php:0
[16-Jul-2017 07:52:51 UTC] PHP   2. mysqli_connect() /home/ubuntu/workspace/only_for_test/dbconnect.php:2
[16-Jul-2017 07:56:03 UTC] PHP Warning:  require(../dbconnect.php): failed to open stream: No such file or directory in /home/ubuntu/workspace/only_for_test/check.php on line 3
[16-Jul-2017 07:56:03 UTC] PHP Stack trace:
[16-Jul-2017 07:56:03 UTC] PHP   1. {main}() /home/ubuntu/workspace/only_for_test/check.php:0
[16-Jul-2017 07:56:03 UTC] PHP Fatal error:  require(): Failed opening required '../dbconnect.php' (include_path='.:/usr/share/php:/usr/share/pear') in /home/ubuntu/workspace/only_for_test/check.php on line 3
[16-Jul-2017 07:56:03 UTC] PHP Stack trace:
[16-Jul-2017 07:56:03 UTC] PHP   1. {main}() /home/ubuntu/workspace/only_for_test/check.php:0
[16-Jul-2017 07:56:27 UTC] PHP Warning:  mysqli_real_escape_string() expects parameter 1 to be mysqli, null given in /home/ubuntu/workspace/only_for_test/check.php on line 12
[16-Jul-2017 07:56:27 UTC] PHP Stack trace:
[16-Jul-2017 07:56:27 UTC] PHP   1. {main}() /home/ubuntu/workspace/only_for_test/check.php:0
[16-Jul-2017 07:56:27 UTC] PHP   2. mysqli_real_escape_string() /home/ubuntu/workspace/only_for_test/check.php:12
[16-Jul-2017 07:56:27 UTC] PHP Warning:  mysqli_real_escape_string() expects parameter 1 to be mysqli, null given in /home/ubuntu/workspace/only_for_test/check.php on line 13
[16-Jul-2017 07:56:27 UTC] PHP Stack trace:
[16-Jul-2017 07:56:27 UTC] PHP   1. {main}() /home/ubuntu/workspace/only_for_test/check.php:0
[16-Jul-2017 07:56:27 UTC] PHP   2. mysqli_real_escape_string() /home/ubuntu/workspace/only_for_test/check.php:13
[16-Jul-2017 07:56:27 UTC] PHP Warning:  mysqli_real_escape_string() expects parameter 1 to be mysqli, null given in /home/ubuntu/workspace/only_for_test/check.php on line 14
[16-Jul-2017 07:56:27 UTC] PHP Stack trace:
[16-Jul-2017 07:56:27 UTC] PHP   1. {main}() /home/ubuntu/workspace/only_for_test/check.php:0
[16-Jul-2017 07:56:27 UTC] PHP   2. mysqli_real_escape_string() /home/ubuntu/workspace/only_for_test/check.php:14
[16-Jul-2017 07:56:27 UTC] PHP Warning:  mysqli_query() expects parameter 1 to be mysqli, null given in /home/ubuntu/workspace/only_for_test/check.php on line 16
[16-Jul-2017 07:56:27 UTC] PHP Stack trace:
[16-Jul-2017 07:56:27 UTC] PHP   1. {main}() /home/ubuntu/workspace/only_for_test/check.php:0
[16-Jul-2017 07:56:27 UTC] PHP   2. mysqli_query() /home/ubuntu/workspace/only_for_test/check.php:16
[16-Jul-2017 07:56:27 UTC] PHP Warning:  mysqli_error() expects parameter 1 to be mysqli, null given in /home/ubuntu/workspace/only_for_test/check.php on line 16
[16-Jul-2017 07:56:27 UTC] PHP Stack trace:
[16-Jul-2017 07:56:27 UTC] PHP   1. {main}() /home/ubuntu/workspace/only_for_test/check.php:0
[16-Jul-2017 07:56:27 UTC] PHP   2. mysqli_error() /home/ubuntu/workspace/only_for_test/check.php:16
[16-Jul-2017 08:38:18 UTC] PHP Parse error:  syntax error, unexpected '}' in /home/ubuntu/workspace/entry/dugout_entry.php on line 12
